2021-09-24 09:08:48,018 Namespace(cfg='/home/ran/hws/hrnet_0/experiments/mpii/hrnet/w32_256x256_adam_lr1e-3.yaml', dataDir='', logDir='', modelDir='', opts=[], prevModelDir='')
2021-09-24 09:08:48,018 AUTO_RESUME: True
CUDNN:
  BENCHMARK: True
  DETERMINISTIC: False
  ENABLED: True
DATASET:
  COLOR_RGB: True
  DATASET: mpii
  DATA_FORMAT: jpg
  FLIP: True
  HYBRID_JOINTS_TYPE: 
  NUM_JOINTS_HALF_BODY: 8
  PROB_HALF_BODY: -1.0
  ROOT: /home/ran/hws/hrnet_0/data/
  ROT_FACTOR: 30
  SCALE_FACTOR: 0.25
  SELECT_DATA: False
  TEST_SET: valid
  TRAIN_SET: train
DATA_DIR: 
DEBUG:
  DEBUG: True
  SAVE_BATCH_IMAGES_GT: True
  SAVE_BATCH_IMAGES_PRED: True
  SAVE_HEATMAPS_GT: True
  SAVE_HEATMAPS_PRED: True
GPUS: (0, 1)
LOG_DIR: log
LOSS:
  TOPK: 8
  USE_DIFFERENT_JOINTS_WEIGHT: False
  USE_OHKM: False
  USE_TARGET_WEIGHT: True
MODEL:
  EXTRA:
    FINAL_CONV_KERNEL: 1
    PRETRAINED_LAYERS: ['conv1', 'bn1', 'conv2', 'bn2', 'layer1', 'transition1', 'stage2', 'transition2', 'stage3', 'transition3', 'stage4']
    STAGE2:
      BLOCK: BASIC
      FUSE_METHOD: SUM
      NUM_BLOCKS: [4, 4]
      NUM_BRANCHES: 2
      NUM_CHANNELS: [32, 64]
      NUM_MODULES: 1
    STAGE3:
      BLOCK: BASIC
      FUSE_METHOD: SUM
      NUM_BLOCKS: [4, 4, 4]
      NUM_BRANCHES: 3
      NUM_CHANNELS: [32, 64, 128]
      NUM_MODULES: 4
    STAGE4:
      BLOCK: BASIC
      FUSE_METHOD: SUM
      NUM_BLOCKS: [4, 4, 4, 4]
      NUM_BRANCHES: 4
      NUM_CHANNELS: [32, 64, 128, 256]
      NUM_MODULES: 3
  HEATMAP_SIZE: [64, 64]
  IMAGE_SIZE: [256, 256]
  INIT_WEIGHTS: True
  NAME: pose_hrnet
  NUM_JOINTS: 16
  PRETRAINED: models/pytorch/imagenet/hrnet_w32-36af842e.pth
  SIGMA: 2
  TAG_PER_JOINT: True
  TARGET_TYPE: gaussian
OUTPUT_DIR: output
PIN_MEMORY: True
PRINT_FREQ: 100
RANK: 0
TEST:
  BATCH_SIZE_PER_GPU: 32
  BBOX_THRE: 1.0
  COCO_BBOX_FILE: 
  FLIP_TEST: True
  IMAGE_THRE: 0.1
  IN_VIS_THRE: 0.0
  MODEL_FILE: 
  NMS_THRE: 0.6
  OKS_THRE: 0.5
  POST_PROCESS: True
  SHIFT_HEATMAP: True
  SOFT_NMS: False
  USE_GT_BBOX: False
TRAIN:
  BATCH_SIZE_PER_GPU: 8
  BEGIN_EPOCH: 0
  CHECKPOINT: 
  END_EPOCH: 210
  GAMMA1: 0.99
  GAMMA2: 0.0
  LR: 0.001
  LR_FACTOR: 0.1
  LR_STEP: [170, 200]
  MOMENTUM: 0.9
  NESTEROV: False
  OPTIMIZER: adam
  RESUME: False
  SHUFFLE: True
  WD: 0.0001
WORKERS: 0
2021-09-24 09:08:52,020 
Total Parameters: 28,536,080
----------------------------------------------------------------------------------------------------------------------------------
Total Multiply Adds (For Convolution and Linear Layers only): 9.4931640625 GFLOPs
----------------------------------------------------------------------------------------------------------------------------------
Number of Layers
Conv2d : 293 layers   BatchNorm2d : 292 layers   ReLU : 261 layers   Bottleneck : 4 layers   BasicBlock : 104 layers   Upsample : 28 layers   HighResolutionModule : 8 layers   
2021-09-24 09:09:34,977 => load 22246 samples
2021-09-24 09:09:40,015 => load 2958 samples
2021-09-24 09:09:42,155 Epoch: [0][0/1391]	Time 2.116s (2.116s)	Speed 7.6 samples/s	Data 0.904s (0.904s)	Loss 6.16712 (6.16712)	Accuracy 0.017 (0.017)
2021-09-24 09:12:20,453 Epoch: [0][100/1391]	Time 1.580s (1.588s)	Speed 10.1 samples/s	Data 1.057s (1.070s)	Loss 0.00797 (0.27109)	Accuracy 0.016 (0.013)
2021-09-24 09:14:53,543 Epoch: [0][200/1391]	Time 1.427s (1.560s)	Speed 11.2 samples/s	Data 0.981s (1.051s)	Loss 0.00488 (0.13886)	Accuracy 0.008 (0.013)
2021-09-24 09:17:27,894 Epoch: [0][300/1391]	Time 1.679s (1.554s)	Speed 9.5 samples/s	Data 1.203s (1.049s)	Loss 0.00321 (0.09393)	Accuracy 0.009 (0.012)
2021-09-24 09:20:01,460 Epoch: [0][400/1391]	Time 1.388s (1.550s)	Speed 11.5 samples/s	Data 0.903s (1.047s)	Loss 0.00278 (0.07128)	Accuracy 0.000 (0.012)
2021-09-24 09:22:31,478 Epoch: [0][500/1391]	Time 1.424s (1.540s)	Speed 11.2 samples/s	Data 0.976s (1.040s)	Loss 0.00255 (0.05757)	Accuracy 0.004 (0.012)
2021-09-24 09:25:01,440 Epoch: [0][600/1391]	Time 1.473s (1.533s)	Speed 10.9 samples/s	Data 1.012s (1.035s)	Loss 0.00220 (0.04838)	Accuracy 0.008 (0.012)
2021-09-24 09:27:32,603 Epoch: [0][700/1391]	Time 1.339s (1.530s)	Speed 11.9 samples/s	Data 0.859s (1.034s)	Loss 0.00181 (0.04179)	Accuracy 0.008 (0.012)
2021-09-24 09:30:02,691 Epoch: [0][800/1391]	Time 1.438s (1.526s)	Speed 11.1 samples/s	Data 0.956s (1.031s)	Loss 0.00181 (0.03682)	Accuracy 0.005 (0.012)
2021-09-24 09:32:36,816 Epoch: [0][900/1391]	Time 1.388s (1.528s)	Speed 11.5 samples/s	Data 0.903s (1.032s)	Loss 0.00168 (0.03295)	Accuracy 0.017 (0.013)
2021-09-24 09:35:07,847 Epoch: [0][1000/1391]	Time 1.513s (1.526s)	Speed 10.6 samples/s	Data 1.027s (1.031s)	Loss 0.00188 (0.02984)	Accuracy 0.012 (0.013)
2021-09-24 09:37:46,640 Epoch: [0][1100/1391]	Time 1.428s (1.532s)	Speed 11.2 samples/s	Data 0.907s (1.036s)	Loss 0.00163 (0.02729)	Accuracy 0.000 (0.013)
2021-09-24 09:40:26,234 Epoch: [0][1200/1391]	Time 1.729s (1.537s)	Speed 9.3 samples/s	Data 1.206s (1.041s)	Loss 0.00195 (0.02516)	Accuracy 0.008 (0.013)
2021-09-24 09:43:07,500 Epoch: [0][1300/1391]	Time 1.616s (1.543s)	Speed 9.9 samples/s	Data 1.069s (1.046s)	Loss 0.00163 (0.02336)	Accuracy 0.013 (0.014)
